
> lovaly-dream-resort@1.0.0 build
> next build

▲ Next.js 16.2.6 (Turbopack)

  Creating an optimized production build ...

> Build error occurred
Error: Turbopack build failed with 5 errors:
./components/ContactForm.tsx:1:17
You're importing a module that depends on `useState` into a React Server Component module. This API is only available in Client Components. To fix, mark the file (or its parent) with the `"use client"` directive.
    Learn more: https://nextjs.org/docs/app/api-reference/directives/use-client
[31m[1m>[0m [90m1 |[0m [36mimport[0m [33mReact[0m, { useState } [36mfrom[0m [32m'react'[0m;
  [90m  |[0m                 [31m[1m^^^^^^^^[0m
  [90m2 |[0m
  [90m3 |[0m [36mconst[0m [33mContactForm[0m = () => {
  [90m4 |[0m     [36mconst[0m [name, setName] = useState([32m''[0m);

Ecmascript file had an error

Import trace:
  Server Component:
    ./components/ContactForm.tsx
    ./app/page.tsx


./app/layout.tsx:1:1
Module not found: Can't resolve './globals.css'
[31m[1m>[0m [90m1 |[0m [36mimport[0m [32m'./globals.css'[0m;
  [90m  |[0m [31m[1m^^^^^^^^^^^^^^^^^^^^^^^[0m
  [90m2 |[0m
  [90m3 |[0m [36mexport[0m [36mconst[0m metadata = {
  [90m4 |[0m   title: [32m'Lovaly Dream Resort'[0m,



https://nextjs.org/docs/messages/module-not-found


./components/ServicesCards.tsx:2:1
Export IconEvent doesn't exist in target module
  [90m1 |[0m [36mimport[0m { motion } [36mfrom[0m [32m'framer-motion'[0m;
[31m[1m>[0m [90m2 |[0m [36mimport[0m { [33mIconHotel[0m, [33mIconRestaurant[0m, [33mIconEvent[0m } [36mfrom[0m [32m'lucide-react'[0m;
  [90m  |[0m [31m[1m^^^^^^^^^^^^^^^^^^^^^^^^^^^^^^^^^^^^^^^^^^^^^^^^^^^^^^^^^^^^^^^^^^^^[0m
  [90m3 |[0m
  [90m4 |[0m [36mconst[0m services = [
  [90m5 |[0m   {

The export IconEvent was not found in module [project]/node_modules/lucide-react/dist/esm/lucide-react.js [app-rsc] (ecmascript).
Did you mean to import Icon?
All exports of the module are statically known (It doesn't have dynamic exports). So it's known statically that the requested export doesn't exist.

Import trace:
  Server Component:
    ./components/ServicesCards.tsx
    ./app/page.tsx


./components/ServicesCards.tsx:2:1
Export IconHotel doesn't exist in target module
  [90m1 |[0m [36mimport[0m { motion } [36mfrom[0m [32m'framer-motion'[0m;
[31m[1m>[0m [90m2 |[0m [36mimport[0m { [33mIconHotel[0m, [33mIconRestaurant[0m, [33mIconEvent[0m } [36mfrom[0m [32m'lucide-react'[0m;
  [90m  |[0m [31m[1m^^^^^^^^^^^^^^^^^^^^^^^^^^^^^^^^^^^^^^^^^^^^^^^^^^^^^^^^^^^^^^^^^^^^[0m
  [90m3 |[0m
  [90m4 |[0m [36mconst[0m services = [
  [90m5 |[0m   {

The export IconHotel was not found in module [project]/node_modules/lucide-react/dist/esm/lucide-react.js [app-rsc] (ecmascript).
Did you mean to import Icon?
All exports of the module are statically known (It doesn't have dynamic exports). So it's known statically that the requested export doesn't exist.

Import trace:
  Server Component:
    ./components/ServicesCards.tsx
    ./app/page.tsx


./components/ServicesCards.tsx:2:1
Export IconRestaurant doesn't exist in target module
  [90m1 |[0m [36mimport[0m { motion } [36mfrom[0m [32m'framer-motion'[0m;
[31m[1m>[0m [90m2 |[0m [36mimport[0m { [33mIconHotel[0m, [33mIconRestaurant[0m, [33mIconEvent[0m } [36mfrom[0m [32m'lucide-react'[0m;
  [90m  |[0m [31m[1m^^^^^^^^^^^^^^^^^^^^^^^^^^^^^^^^^^^^^^^^^^^^^^^^^^^^^^^^^^^^^^^^^^^^[0m
  [90m3 |[0m
  [90m4 |[0m [36mconst[0m services = [
  [90m5 |[0m   {

The export IconRestaurant was not found in module [project]/node_modules/lucide-react/dist/esm/lucide-react.js [app-rsc] (ecmascript).
Did you mean to import Icon?
All exports of the module are statically known (It doesn't have dynamic exports). So it's known statically that the requested export doesn't exist.

Import trace:
  Server Component:
    ./components/ServicesCards.tsx
    ./app/page.tsx


    at <unknown> (./components/ContactForm.tsx:1:17)
    at <unknown> (./app/layout.tsx:1:1)
    at <unknown> (https://nextjs.org/docs/messages/module-not-found)
    at <unknown> (./components/ServicesCards.tsx:2:1)
    at <unknown> (./components/ServicesCards.tsx:2:1)
    at <unknown> (./components/ServicesCards.tsx:2:1)
